Using pre-set license
Built from 'trunk' branch; Version is '2021.1.0a2 (37c5ec4c3cb1) revision 3655148'; Using compiler version '192528614'; Build Type 'Release'
OS: 'Windows 10  (10.0.0) 64bit' Language: 'pt' Physical Memory: 7150 MB
BatchMode: 1, IsHumanControllingUs: 0, StartBugReporterOnCrash: 0, Is64bit: 1, IsPro: 0

 COMMAND LINE ARGUMENTS:
C:\Program Files\Unity 2021.1.0a2\Editor\Unity.exe
-adb2
-batchMode
-noUpm
-name
AssetImportWorker0
-projectPath
C:/Users/Aluno/na-minha-epoca
-logFile
Logs/AssetImportWorker0.log
-srvPort
50863
Successfully changed project path to: C:/Users/Aluno/na-minha-epoca
C:/Users/Aluno/na-minha-epoca
Using Asset Import Pipeline V2.
Refreshing native plugins compatible for Editor in 60.42 ms, found 1 plugins.
Preloading 0 native plugins for Editor in 0.00 ms.
Initialize engine version: 2021.1.0a2 (37c5ec4c3cb1)
[Subsystems] Discovering subsystems at path C:/Program Files/Unity 2021.1.0a2/Editor/Data/Resources/UnitySubsystems
[Subsystems] Discovering subsystems at path C:/Users/Aluno/na-minha-epoca/Assets
GfxDevice: creating device client; threaded=0; jobified=0
Direct3D:
    Version:  Direct3D 11.0 [level 11.1]
    Renderer: AMD Radeon(TM) R7 Graphics (ID=0x130f)
    Vendor:   
    VRAM:     3575 MB
    Driver:   27.20.1034.6
Initialize mono
Mono path[0] = 'C:/Program Files/Unity 2021.1.0a2/Editor/Data/Managed'
Mono path[1] = 'C:/Program Files/Unity 2021.1.0a2/Editor/Data/MonoBleedingEdge/lib/mono/unityjit'
Mono config path = 'C:/Program Files/Unity 2021.1.0a2/Editor/Data/MonoBleedingEdge/etc'
Using monoOptions --debugger-agent=transport=dt_socket,embedding=1,server=y,suspend=n,address=127.0.0.1:56768
Begin MonoManager ReloadAssembly
Registering precompiled unity dll's ...
Register platform support module: C:/Program Files/Unity 2021.1.0a2/Editor/Data/PlaybackEngines/WindowsStandaloneSupport/UnityEditor.WindowsStandalone.Extensions.dll
Registered in 0.002540 seconds.
Native extension for WindowsStandalone target not found
Refreshing native plugins compatible for Editor in 61.92 ms, found 1 plugins.
Preloading 0 native plugins for Editor in 0.00 ms.
Invoked RoslynAnalysisRunner static constructor.
RoslynAnalysisRunner will not be running.
RoslynAnalysisRunner has terminated.
Mono: successfully reloaded assembly
- Completed reload, in  1.773 seconds
Platform modules already initialized, skipping
Registering precompiled user dll's ...
Registered in 0.001718 seconds.
Begin MonoManager ReloadAssembly
Symbol file LoadedFromMemory doesn't match image C:\Users\Aluno\na-minha-epoca\Library\PackageCache\com.unity.ext.nunit@1.0.0\net35\unity-custom\nunit.framework.dll
Native extension for WindowsStandalone target not found
Refreshing native plugins compatible for Editor in 61.99 ms, found 1 plugins.
Preloading 0 native plugins for Editor in 0.00 ms.
Invoked RoslynAnalysisRunner static constructor.
RoslynAnalysisRunner will not be running.
RoslynAnalysisRunner has terminated.
Mono: successfully reloaded assembly
- Completed reload, in  2.233 seconds
Platform modules already initialized, skipping
========================================================================
Worker process is ready to serve import requests
Launched and connected shader compiler UnityShaderCompiler.exe after 0.05 seconds
Refreshing native plugins compatible for Editor in 0.74 ms, found 1 plugins.
Preloading 0 native plugins for Editor in 0.00 ms.
Unloading 1787 Unused Serialized files (Serialized files now loaded: 0)
System memory in use before: 218.6 MB.
System memory in use after: 218.6 MB.

Unloading 24 unused Assets to reduce memory usage. Loaded Objects now: 2237.
Total: 4.853900 ms (FindLiveObjects: 0.938500 ms CreateObjectMapping: 0.181100 ms MarkObjects: 3.497900 ms  DeleteObjects: 0.233600 ms)

========================================================================
Received Import Request.
  path: Assets/Scenes
  artifactKey: Guid(d7635999e7a1c8646872763c0a615710) Importer(815301076,1909f56bfc062723c751e8b465ee728b)
========================================================================
Received Import Request.
  Time since last request: 8.513968 seconds.
  path: Assets/Scenes/SampleScene.unity
  artifactKey: Guid(2cda990e2423bbf4892e6590ba056729) Importer(2089858483,934ff659095e30574adcf32a4c2f97b5)
AssetImportWorkerClient::OnTransportError - code=2 error=End of file
